16:00:00 1156.46
16:00:00 1156.46
09:20:28.699 1185.33
09:20:30.905 1185.33
09:20:32.699 1185.33
09:20:34.675 1185.33
09:20:36.624 1185.33
09:20:38.685 1185.33
09:20:40.716 1185.33
09:20:42.600 1185.33
09:20:44.689 1185.33
09:20:46.680 1185.33
09:20:48.617 1185.33
09:20:50.690 1185.33
09:20:52.688 1185.33
09:20:54.576 1185.33
09:20:56.616 1185.33
09:20:58.706 1185.33
09:21:00.690 1185.33
09:21:02.692 1185.33
09:21:04.689 1185.33
09:21:06.587 1185.33
09:21:08.687 1185.33
09:21:10.677 1185.33
09:21:12.594 1185.33
09:21:14.683 1185.33
09:21:16.549 1185.33
09:21:18.558 1185.33
09:21:20.569 1185.33
09:21:22.678 1185.33
09:21:24.574 1185.33
09:21:26.583 1185.33
09:21:28.590 1185.33
09:21:30.562 1185.33
09:21:32.688 1185.33
09:21:34.687 1185.33
09:21:36.602 1185.33
09:21:38.609 1185.33
09:21:40.589 1185.33
09:21:42.573 1185.33
09:21:44.695 1185.33
09:21:46.595 1185.33
09:21:48.681 1185.33
09:21:50.566 1185.33
09:21:52.584 1185.33
09:21:55.020 1185.33
09:21:56.588 1185.33
09:21:58.697 1185.33
09:22:00.689 1185.33
09:22:02.697 1185.33
09:22:04.696 1185.33
09:22:06.585 1185.33
09:22:08.683 1185.33
09:22:10.630 1185.33
09:22:12.691 1185.33
09:22:14.675 1185.33
09:22:16.689 1185.33
09:22:18.576 1185.33
09:22:20.575 1185.33
09:22:22.726 1185.33
09:22:24.694 1185.33
09:22:26.593 1185.33
09:22:28.692 1185.33
09:22:30.593 1185.33
09:22:32.682 1185.33
09:22:34.702 1185.33
09:22:36.609 1185.33
09:22:38.702 1185.33
09:22:40.699 1185.33
09:22:42.577 1185.33
09:22:44.694 1185.33
09:22:46.696 1185.33
09:22:48.683 1185.33
09:22:50.703 1185.33
09:22:52.693 1185.33
09:22:54.580 1185.33
09:22:56.690 1185.33
09:22:58.690 1185.33
09:23:00.684 1185.33
09:23:02.702 1185.33
09:23:04.699 1185.33
09:23:06.586 1185.33
09:23:08.594 1185.33
09:23:10.684 1185.33
09:23:12.672 1185.33
09:23:14.691 1185.33
09:23:16.569 1185.33
09:23:18.567 1185.33
09:23:20.691 1185.33
09:23:22.698 1185.33
09:23:24.687 1185.33
09:23:26.573 1185.33
09:23:28.570 1185.33
09:23:30.681 1185.33
09:23:32.588 1185.33
09:23:34.695 1185.33
09:23:36.696 1185.33
09:23:38.583 1185.33
09:23:40.592 1185.33
09:23:42.581 1185.33
09:23:44.587 1185.33
09:23:46.576 1185.33
09:23:48.585 1185.33
09:23:50.687 1185.33
09:23:52.695 1185.33
09:23:54.582 1185.33
09:23:56.591 1185.33
09:23:58.698 1185.33
09:24:00.584 1185.33
09:24:02.591 1185.33
09:24:04.599 1185.33
09:24:06.587 1185.33
09:24:08.576 1185.33
09:24:10.576 1185.33
09:24:12.678 1185.33
09:24:14.586 1185.33
09:24:16.576 1185.33
09:24:18.683 1185.33
09:24:20.599 1185.33
09:24:22.686 1185.33
09:24:22.686 1185.33
09:24:24.685 1185.33
09:24:26.578 1185.33
09:24:28.591 1185.33
09:24:30.582 1185.33
09:24:32.693 1185.33
09:24:34.680 1185.33
09:24:36.678 1185.33
09:24:38.686 1185.33
09:24:40.580 1185.33
09:24:42.590 1185.33
09:24:44.802 1185.33
09:24:46.683 1185.33
09:24:48.682 1185.33
09:24:50.681 1185.33
09:24:52.587 1185.33
09:24:54.593 1185.33
09:24:56.600 1185.33
09:24:58.699 1185.33
09:25:00.817 1185.33
09:25:02.589 1185.33
09:25:04.586 1185.33
09:25:06.596 1185.33
09:25:08.684 1185.33
09:25:10.693 1185.33
09:25:12.579 1185.33
09:25:14.688 1185.33
09:25:16.666 1185.33
09:25:18.687 1185.33
09:25:20.593 1185.33
09:25:22.693 1185.33
09:25:24.578 1185.33
09:25:26.679 1185.33
09:25:28.686 1185.33
09:25:30.577 1185.33
09:25:32.583 1185.33
09:25:34.715 1185.33
09:25:36.580 1185.33
09:25:38.791 1185.33
09:25:40.615 1185.33
09:25:42.603 1185.33
09:25:44.578 1185.33
09:25:46.691 1185.33
09:25:48.567 1185.33
09:25:50.586 1185.33
09:25:52.603 1185.33
09:25:54.591 1185.33
09:25:56.569 1185.33
09:25:58.698 1185.33
09:26:00.598 1185.33
09:26:02.595 1185.33
09:26:04.571 1185.33
09:26:06.592 1185.33
09:26:08.586 1185.33
09:26:10.946 1185.33
09:26:12.601 1185.33
09:26:14.586 1185.33
09:26:16.697 1185.33
09:26:18.582 1185.33
09:26:20.692 1185.33
09:26:22.600 1185.33
09:26:24.710 1185.33
09:26:26.680 1185.33
09:26:28.616 1185.33
09:26:30.584 1185.33
09:26:32.592 1185.33
09:26:34.703 1185.33
09:26:36.569 1185.33
09:26:38.687 1185.33
09:26:40.686 1185.33
09:26:42.582 1185.33
09:26:44.681 1185.33
09:26:46.602 1185.33
09:26:48.568 1185.33
09:26:50.697 1185.33
09:26:52.673 1185.33
09:26:54.684 1185.33
09:26:56.684 1185.33
09:26:58.569 1185.33
09:27:00.675 1185.33
09:27:02.660 1185.33
09:27:04.705 1185.33
09:27:06.778 1185.33
09:27:08.616 1185.33
09:27:10.688 1185.33
09:27:13.458 1185.33
09:27:14.594 1185.33
09:27:16.620 1185.33
09:27:18.693 1185.33
09:27:20.593 1185.33
09:27:22.694 1185.33
09:27:24.697 1185.33
09:27:26.582 1185.33
09:27:28.615 1185.33
09:27:30.607 1185.33
09:27:32.691 1185.33
09:27:34.792 1185.33
09:27:36.570 1185.33
09:27:38.566 1185.33
09:27:40.595 1185.33
09:27:42.677 1185.33
09:27:44.663 1185.33
09:27:46.716 1185.33
09:27:48.687 1185.33
09:27:50.798 1185.33
09:27:52.574 1185.33
09:27:54.684 1185.33
09:27:56.573 1185.33
09:27:58.684 1185.33
09:28:00.686 1185.33
09:28:02.676 1185.33
09:28:04.581 1185.33
09:28:06.685 1185.33
09:28:08.683 1185.33
09:28:10.702 1185.33
09:28:12.682 1185.33
09:28:14.689 1185.33
09:28:16.692 1185.33
09:28:18.691 1185.33
09:28:20.670 1185.33
09:28:22.672 1185.33
09:28:24.589 1185.33
09:28:26.577 1185.33
09:28:28.704 1185.33
09:28:30.685 1185.33
09:28:32.663 1185.33
09:28:34.692 1185.33
09:28:36.560 1185.33
09:28:38.690 1185.33
09:28:40.560 1185.33
09:28:42.668 1185.33
09:28:44.678 1185.33
09:28:46.669 1185.33
09:28:48.691 1185.33
09:28:50.598 1185.33
09:28:52.557 1185.33
09:28:54.688 1185.33
09:28:56.688 1185.33
09:28:58.687 1185.33
09:29:00.754 1185.33
09:29:02.661 1185.33
09:29:04.619 1185.33
09:29:06.628 1185.33
09:29:08.586 1185.33
09:29:10.605 1185.33
09:29:12.586 1185.33
09:29:14.573 1185.33
09:29:16.685 1185.33
09:29:18.682 1185.33
09:29:20.567 1185.33
09:29:22.596 1185.33
09:29:24.582 1185.33
09:29:26.694 1185.33
09:29:28.685 1185.33
09:29:30.585 1185.33
09:29:32.688 1185.33
09:29:34.586 1185.33
09:29:36.596 1185.33
09:29:38.561 1185.33
09:29:40.701 1185.33
09:29:42.564 1185.33
09:29:44.799 1185.33
09:29:46.691 1185.33
09:29:48.597 1185.33
09:29:50.597 1185.33
09:29:52.688 1185.33
09:29:54.555 1185.33
09:29:56.687 1185.33
09:29:58.556 1185.33
09:30:00.780 1185.33
09:30:02.689 1190.14
09:30:04.799 1192.05
09:30:06.719 1191.99
09:30:08.686 1192.91
09:30:10.921 1189.95
09:30:12.717 1188.93
09:30:14.687 1188.49
09:30:16.718 1189.22
09:30:18.771 1188.85
09:30:20.690 1188.21
09:30:22.732 1186.42
09:30:24.744 1184.61
09:30:26.994 1184.23
09:30:28.804 1185.18
09:30:30.696 1186.02
09:30:32.687 1185.37
09:30:34.788 1185.75
09:30:36.696 1187.3
09:30:38.707 1187.25
09:30:40.820 1186.59
09:30:42.684 1187.13
09:30:44.696 1187.44
09:30:46.782 1187.8
09:30:48.709 1188.53
09:30:50.689 1188.34
09:30:52.739 1188.26
09:30:54.689 1188.57
09:30:56.691 1188.19
09:30:58.722 1189.39
09:31:00.798 1189.08
09:31:02.694 1188.92
09:31:04.818 1188.75
09:31:06.708 1187.44
09:31:08.697 1186.34
09:31:10.812 1185.94
09:31:12.761 1185.33
09:31:14.690 1185.72
09:31:16.928 1184.37
09:31:18.779 1183.93
09:31:20.738 1183.81
09:31:22.707 1183.08
09:31:24.696 1183.4
09:31:26.684 1182.75
09:31:28.795 1182.97
09:31:30.797 1182.57
09:31:32.696 1182.86
09:31:34.784 1182.01
09:31:36.703 1182.75
09:31:38.772 1183.91
09:31:40.696 1183.75
09:31:42.798 1183.24
09:31:44.716 1183.53
09:31:46.801 1182.68
09:31:48.698 1183.2
09:31:50.689 1182.61
09:31:52.741 1183.5
09:31:54.670 1183.18
09:31:56.719 1182.77
09:31:58.790 1182.41
09:32:00.784 1181.15
09:32:02.803 1180.4
09:32:04.711 1179.99
09:32:06.702 1178.64
09:32:08.692 1179.75
09:32:10.793 1179.06
09:32:12.702 1178.16
09:32:14.676 1177.76
09:32:16.792 1176.99
09:32:18.791 1176.16
09:32:20.721 1176.24
09:32:22.794 1176.14
09:32:24.691 1175.69
09:32:26.792 1175.49
09:32:28.802 1175.79
09:32:30.700 1174.88
09:32:32.691 1175.1
09:32:34.688 1174.11
09:32:36.799 1174.41
09:32:38.696 1173.58
09:32:40.797 1173.69
09:32:42.695 1173.67
09:32:44.684 1173.73
09:32:46.690 1173.37
09:32:48.709 1174.29
09:32:50.698 1174.62
09:32:52.799 1174.65
09:32:54.687 1174.94
09:32:56.686 1175.2
09:32:58.796 1174.83
09:33:00.692 1174.31
09:33:02.692 1172.36
09:33:04.783 1172.09
09:33:06.700 1172.44
09:33:08.690 1172.24
09:33:10.691 1172.45
09:33:12.690 1172.16
09:33:14.820 1170.93
09:33:16.818 1171.12
09:33:18.719 1170.94
09:33:20.697 1171.88
09:33:22.799 1171.64
09:33:24.735 1170.82
09:33:26.696 1170.96
09:33:28.784 1171.37
09:33:30.777 1171.47
09:33:32.695 1171.39
09:33:34.704 1171.72
09:33:36.696 1170.91
09:33:38.685 1172.08
09:33:40.702 1171.56
09:33:42.692 1171.46
09:33:44.701 1172.52
09:33:46.786 1173.01
09:33:48.696 1172.57
09:33:50.693 1172.34
09:33:52.714 1172.65
09:33:54.682 1173.09
09:33:56.680 1173.36
09:33:58.788 1172.94
09:34:00.791 1172.55
09:34:02.682 1173.01
09:34:04.773 1172.79
09:34:06.693 1172.76
09:34:08.680 1172.77
09:34:10.791 1173.16
09:34:12.790 1173.05
09:34:14.700 1173.21
09:34:16.714 1173.32
09:34:18.684 1173.44
09:34:20.686 1173.7
09:34:22.738 1172.91
09:34:24.682 1173.06
09:34:26.682 1171.87
09:34:28.791 1170.81
09:34:30.713 1171.21
09:34:32.682 1170.71
09:34:34.713 1170.28
09:34:36.790 1169.54
09:34:38.687 1169.55
09:34:40.725 1169.96
09:34:43.024 1169.56
09:34:44.683 1169.26
09:34:46.781 1169.48
09:34:48.697 1170.03
09:34:50.688 1170.26
09:34:52.800 1170.61
09:34:54.709 1170.54
09:34:56.688 1169.72
09:34:58.809 1169.44
09:35:00.704 1170.02
09:35:02.681 1169.9
09:35:04.600 1169.55
09:35:06.713 1169.83
09:35:08.690 1169.93
09:35:10.821 1169.54
09:35:12.687 1170.89
09:35:14.675 1170.82
09:35:16.799 1170.66
09:35:18.706 1170.82
09:35:20.695 1171.6
09:35:22.792 1173.14
09:35:24.711 1172.7
09:35:26.683 1173.18
09:35:28.802 1173.11
09:35:30.796 1173.79
09:35:32.675 1173.45
09:35:34.737 1172.89
09:35:36.704 1173.18
09:35:38.685 1173.65
09:35:40.694 1173.2
09:35:42.693 1172.8
09:35:44.691 1173.42
09:35:46.713 1173.18
09:35:48.603 1173.24
09:35:50.601 1173.12
09:35:52.692 1172.44
09:35:54.701 1172.15
09:35:56.680 1171.41
09:35:58.800 1171.07
09:36:00.693 1170.62
09:36:02.691 1171.19
09:36:04.720 1171.01
09:36:06.699 1170.6
09:36:08.668 1170.71
09:36:10.720 1170.96
09:36:12.718 1170.75
09:36:14.684 1170.93
09:36:16.727 1170.97
09:36:18.685 1171.65
09:36:20.695 1171.35
09:36:22.721 1172.18
09:36:24.688 1171.27
09:36:26.689 1171.11
09:36:28.789 1170.46
09:36:30.685 1170.25
09:36:32.694 1170.4
09:36:34.703 1170.41
09:36:36.796 1170.34
09:36:38.592 1170.86
09:36:40.714 1170.41
09:36:42.691 1170.24
09:36:44.690 1170.4
09:36:46.699 1170.54
09:36:48.695 1170.62
09:36:50.694 1170.88
09:36:52.713 1170.32
09:36:54.680 1170.43
09:36:56.688 1170.44
09:36:58.786 1170.72
09:37:00.784 1171.11
09:37:02.690 1170.56
09:37:04.698 1171.2
09:37:06.700 1171.22
09:37:08.677 1170.9
09:37:10.587 1171.14
09:37:12.687 1171.46
09:37:14.693 1172.03
09:37:16.696 1172.39
09:37:18.686 1173.33
09:37:20.691 1173.2
09:37:22.710 1173.03
09:37:24.719 1173.17
09:37:26.691 1173.72
09:37:28.789 1173.44
09:37:30.681 1173.58
09:37:32.682 1173.51
09:37:34.737 1173.38
09:37:36.790 1173.81
09:37:38.696 1173.78
09:37:40.708 1174.71
09:37:42.685 1174.9
09:37:44.682 1174.94
09:37:46.793 1175.17
09:37:48.681 1175.49
09:37:50.681 1175.69
09:37:52.719 1176.06
09:37:54.684 1176.06
09:37:56.695 1176.54
09:37:58.703 1176.46
09:38:00.678 1176.79
09:38:02.700 1177.15
09:38:04.769 1176.91
09:38:06.685 1177.23
09:38:08.697 1177.89
09:38:10.584 1178.15
09:38:12.694 1178.29
09:38:14.579 1179.37
09:38:16.682 1179.51
09:38:18.609 1179.48
09:38:20.691 1179.89
09:38:22.741 1180.78
09:38:24.679 1181.16
09:38:26.688 1181.83
09:38:28.792 1181.74
09:38:30.691 1182.26
09:38:32.692 1182.41
09:38:34.702 1181.94
09:38:36.691 1182.39
09:38:38.690 1182.18
09:38:40.801 1182.73
09:38:42.670 1183.1
09:38:44.693 1182.94
09:38:46.694 1182.98
09:38:48.580 1182.91
09:38:50.703 1183.32
09:38:52.732 1183.38
09:38:54.773 1183.03
09:38:56.689 1183.42
09:38:58.843 1183.24
09:39:00.676 1182.69
09:39:02.686 1183.17
09:39:04.793 1183.59
09:39:06.701 1184.27
09:39:08.671 1183.92
09:39:10.577 1183.52
09:39:12.680 1183.79
09:39:14.697 1183.97
09:39:16.687 1183.96
09:39:18.717 1183.79
09:39:20.684 1184.03
09:39:22.694 1184.35
09:39:24.691 1183.85
09:39:26.690 1184.15
09:39:28.787 1184.74
09:39:30.585 1185.47
09:39:32.669 1185.87
09:39:34.800 1186.68
09:39:36.728 1186.3
09:39:38.686 1186.11
09:39:40.736 1186.42
09:39:42.702 1186.59
09:39:44.689 1186.43
09:39:46.729 1185.98
09:39:48.689 1185.11
09:39:50.690 1185.37
09:39:52.792 1184.7
09:39:54.688 1183.35
09:39:56.688 1183.37
09:39:58.707 1183.54
09:40:00.694 1184.12
09:40:02.685 1184.13
09:40:04.746 1184.22
09:40:06.726 1184.61
09:40:08.714 1185.59
09:40:10.783 1185.66
09:40:12.690 1185.82
09:40:14.687 1186.67
09:40:16.692 1185.35
09:40:18.681 1186.16
09:40:20.682 1186.34
09:40:22.691 1185.59
09:40:24.689 1185.57
09:40:26.699 1185.21
09:40:28.718 1185.25
09:40:30.670 1185.02
09:40:32.682 1184.96
09:40:34.730 1184.82
09:40:36.802 1184.98
09:40:38.688 1183.92
09:40:40.787 1183.73
09:40:42.687 1183.75
09:40:44.707 1183.5
09:40:46.649 1183.46
09:40:48.690 1182.97
09:40:50.701 1182.92
09:40:52.691 1183.34
09:40:54.698 1183.42
09:40:56.685 1183.39
09:40:58.796 1183.07
09:41:00.688 1183.56
09:41:02.802 1184.25
09:41:04.790 1184.01
09:41:06.688 1183.69
09:41:08.706 1184.24
09:41:10.693 1183.83
09:41:12.690 1184.05
09:41:14.688 1184.33
09:41:16.782 1184.27
09:41:18.689 1184.6
09:41:20.680 1185.47
09:41:22.700 1184.9
09:41:24.689 1185.06
09:41:26.688 1186.16
09:41:28.704 1186.65
09:41:30.696 1186.51
09:41:32.696 1187.26
09:41:34.694 1187.78
09:41:36.797 1187.72
09:41:38.683 1187.68
09:41:40.722 1188.45
09:41:42.689 1188.4
09:41:44.587 1188.13
09:41:46.793 1188.5
09:41:48.682 1188.96
09:41:50.794 1188.55
09:41:52.693 1188.88
09:41:54.680 1188.73
09:41:56.598 1189.76
09:41:58.787 1189.35
09:42:00.691 1189.32
09:42:02.690 1189.53
09:42:04.699 1190.34
09:42:06.700 1190.27
09:42:08.698 1191.07
09:42:10.698 1191.27
09:42:12.697 1191.66
09:42:14.584 1192.61
09:42:16.700 1192.53
09:42:18.688 1192.77
09:42:20.696 1193.64
09:42:22.727 1193.3
09:42:24.696 1193.15
09:42:26.687 1193.07
09:42:28.786 1193.38
09:42:30.704 1193.26
09:42:32.682 1193.32
09:42:34.709 1193.67
09:42:36.700 1194.2
09:42:38.690 1194.11
09:42:40.700 1193.88
09:42:42.689 1193.62
09:42:44.676 1193.67
09:42:46.772 1193.13
09:42:48.689 1193.34
09:42:50.696 1193.19
09:42:52.711 1193.6
09:42:54.670 1193.86
09:42:56.692 1193.99
09:42:58.690 1194.23
09:43:00.683 1194.45
09:43:02.695 1194.41
09:43:04.734 1195.13
09:43:06.797 1195.29
09:43:08.683 1194.97
09:43:10.773 1195.05
09:43:12.579 1194.48
09:43:14.948 1194.94
09:43:16.948 1195.65
09:43:18.695 1195.39
09:43:20.684 1195.53
09:43:22.694 1195.63
09:43:24.683 1195.8
09:43:26.716 1196.21
09:43:28.702 1195.61
09:43:30.682 1195.86
09:43:32.679 1196.1
09:43:34.695 1197.28
09:43:36.674 1197.89
09:43:38.591 1198.16
09:43:40.795 1197.94
09:43:42.716 1198.25
09:43:44.695 1198.6
09:43:46.687 1198.43
09:43:48.693 1199.32
09:43:50.693 1198.85
09:43:52.699 1199.04
09:43:54.715 1198.96
09:43:56.696 1198.7
09:43:58.705 1198.0
09:44:00.681 1198.22
09:44:02.661 1197.72
09:44:04.803 1198.03
09:44:06.689 1198.23
09:44:08.700 1198.22
09:44:10.690 1198.8
09:44:12.792 1198.68
09:44:14.577 1198.35
09:44:16.679 1198.93
09:44:18.696 1198.5
09:44:20.715 1198.59
09:44:22.689 1197.79
09:44:24.677 1196.94
09:44:26.741 1197.25
09:44:28.792 1197.26
09:44:30.692 1197.53
09:44:32.692 1197.67
09:44:34.791 1197.5
09:44:36.710 1197.98
09:44:38.688 1198.07
09:44:40.707 1198.11
09:44:42.691 1198.27
09:44:44.684 1199.13
09:44:46.705 1198.95
09:44:48.695 1199.43
09:44:50.692 1199.51
09:44:52.712 1199.75
09:44:54.688 1200.05
09:44:56.586 1200.34
09:44:58.717 1200.42
09:45:00.679 1200.97
09:45:02.690 1200.59
09:45:04.701 1200.65
09:45:06.690 1201.05
09:45:08.686 1200.16
09:45:10.695 1201.09
09:45:12.688 1200.87
09:45:14.691 1201.09
09:45:16.703 1200.83
09:45:18.679 1200.24
09:45:20.711 1200.43
09:45:22.780 1200.32
09:45:24.698 1200.58
09:45:26.576 1200.79
09:45:28.694 1200.14
09:45:30.696 1199.87
09:45:32.686 1199.41
09:45:34.703 1198.98
09:45:36.693 1199.63
09:45:38.693 1199.25
09:45:40.640 1199.2
09:45:42.693 1199.51
09:45:44.691 1198.98
09:45:46.693 1198.91
09:45:48.693 1198.9
09:45:50.692 1199.04
09:45:52.709 1199.23
09:45:54.719 1198.82
09:45:56.692 1198.67
09:45:58.689 1199.05
09:46:00.695 1198.46
09:46:02.788 1198.07
09:46:04.748 1197.47
09:46:06.700 1197.34
09:46:08.689 1197.56
09:46:10.694 1197.41
09:46:12.664 1197.18
09:46:14.684 1197.76
09:46:16.698 1198.39
09:46:18.675 1198.25
09:46:20.693 1198.39
09:46:22.702 1198.65
09:46:24.690 1198.57
09:46:26.679 1198.67
09:46:28.790 1198.07
09:46:30.690 1198.59
09:46:32.689 1198.49
09:46:34.719 1198.47
09:46:36.688 1198.45
09:46:38.788 1198.38
09:46:40.776 1197.71
09:46:42.693 1198.16
09:46:44.802 1197.99
09:46:46.713 1197.55
09:46:48.691 1197.96
09:46:50.612 1198.34
09:46:52.700 1198.21
09:46:54.615 1198.54
09:46:56.715 1198.19
09:46:58.713 1198.35
09:47:00.685 1198.07
09:47:02.718 1198.58
09:47:04.684 1199.24
09:47:06.693 1199.35
09:47:08.591 1199.44
09:47:10.711 1199.8
09:47:12.689 1200.29
09:47:14.696 1200.69
09:47:16.730 1200.33
09:47:18.586 1201.04
09:47:20.688 1201.35
09:47:22.696 1201.78
09:47:24.683 1201.52
09:47:26.680 1201.34
09:47:28.605 1200.9
09:47:30.934 1201.32
09:47:32.591 1201.21
09:47:34.691 1201.15
09:47:36.723 1201.17
09:47:38.609 1201.13
09:47:40.717 1201.27
09:47:42.692 1201.56
09:47:44.690 1201.41
09:47:46.703 1201.5
09:47:48.681 1201.53
09:47:50.590 1201.38
09:47:52.701 1201.7
09:47:54.578 1201.8
09:47:56.720 1202.38
09:47:58.737 1201.84
09:48:00.794 1202.31
09:48:02.682 1202.11
09:48:04.719 1202.49
09:48:06.687 1203.18
09:48:08.677 1203.06
09:48:10.699 1202.78
09:48:12.728 1202.96
09:48:14.685 1202.91
09:48:16.707 1202.91
09:48:18.666 1202.9
09:48:20.801 1203.28
09:48:22.717 1203.45
09:48:24.685 1203.75
09:48:26.684 1203.79
09:48:28.620 1204.07
09:48:30.692 1205.49
09:48:32.681 1206.27
09:48:34.710 1206.93
09:48:36.693 1206.22
09:48:38.681 1206.37
09:48:40.771 1206.71
09:48:42.698 1206.25
09:48:44.685 1205.85
09:48:46.737 1206.85
09:48:48.695 1207.51
09:48:50.693 1207.16
09:48:52.733 1208.43
09:48:54.690 1208.1
09:48:56.674 1207.54
09:48:59.274 1207.38
09:49:00.694 1206.97
09:49:02.580 1207.13
09:49:04.700 1206.97
09:49:06.689 1206.89
09:49:08.688 1207.11
09:49:10.728 1207.3
09:49:12.603 1208.11
09:49:14.692 1207.99
09:49:16.599 1208.36
09:49:18.588 1208.7
09:49:20.689 1208.75
09:49:22.706 1208.7
09:49:24.684 1208.23
09:49:26.705 1208.5
09:49:28.707 1208.84
09:49:30.710 1208.73
09:49:32.743 1208.53
09:49:34.790 1208.21
09:49:36.679 1208.38
09:49:38.678 1207.99
09:49:40.705 1207.8
09:49:42.681 1207.77
09:49:44.689 1207.66
09:49:46.783 1208.14
09:49:48.607 1207.67
09:49:50.689 1208.27
09:49:52.779 1208.11
09:49:54.697 1207.48
09:49:56.697 1207.48
09:49:58.695 1207.46
09:50:00.701 1207.54
09:50:02.693 1207.24
09:50:04.784 1208.21
09:50:06.794 1210.53
09:50:08.680 1210.61
09:50:10.702 1209.66
09:50:12.670 1207.95
09:50:14.691 1206.81
09:50:16.701 1206.83
09:50:18.689 1206.69
09:50:20.711 1206.83
09:50:22.700 1206.55
09:50:24.688 1207.03
09:50:26.689 1206.7
09:50:28.746 1206.7
09:50:30.690 1206.67
09:50:32.711 1206.58
09:50:34.710 1206.55
09:50:36.708 1206.78
09:50:38.788 1207.1
09:50:40.808 1207.54
09:50:42.784 1207.5
09:50:44.712 1207.51
09:50:46.701 1207.19
09:50:48.697 1207.85
09:50:50.698 1208.04
09:50:52.697 1207.84
09:50:54.695 1207.89
09:50:56.704 1209.05
09:50:58.726 1208.82
09:51:00.697 1208.81
09:51:02.688 1209.36
09:51:04.789 1209.29
09:51:06.729 1208.49
09:51:08.694 1208.08
09:51:10.703 1207.25
09:51:12.684 1206.74
09:51:14.684 1206.89
09:51:16.696 1206.77
09:51:18.703 1206.82
09:51:20.680 1206.14
09:51:22.700 1206.0
09:51:24.699 1206.34
09:51:26.595 1205.87
09:51:28.735 1206.27
09:51:30.697 1205.88
09:51:32.695 1205.19
09:51:34.701 1205.76
09:51:36.689 1205.94
09:51:38.584 1206.12
09:51:40.797 1205.56
09:51:42.797 1205.46
09:51:44.686 1205.91
09:51:46.925 1205.53
09:51:48.690 1205.51
09:51:50.689 1205.76
09:51:52.699 1205.64
09:51:54.607 1205.51
09:51:56.729 1205.87
09:51:58.706 1205.55
09:52:00.692 1206.06
09:52:02.692 1206.5
09:52:04.711 1206.23
09:52:06.689 1207.06
09:52:08.698 1207.29
09:52:10.684 1206.76
09:52:12.681 1206.55
09:52:14.578 1207.18
09:52:16.700 1207.14
09:52:18.709 1206.61
09:52:20.708 1205.86
09:52:22.704 1206.57
09:52:24.693 1206.02
09:52:26.685 1206.11
09:52:28.784 1205.78
09:52:30.679 1205.7
09:52:32.688 1205.23
09:52:34.700 1205.1
09:52:36.689 1205.37
09:52:38.686 1204.97
09:52:40.705 1205.25
09:52:42.693 1205.17
09:52:44.590 1204.02
09:52:46.693 1204.9
09:52:48.691 1204.67
09:52:50.700 1205.37
09:52:52.778 1206.26
09:52:54.696 1206.67
09:52:56.695 1206.76
09:52:58.704 1206.98
09:53:00.678 1206.93
09:53:02.694 1207.18
09:53:04.693 1207.37
09:53:06.700 1207.22
09:53:08.689 1207.55
09:53:10.700 1207.46
09:53:12.721 1207.63
09:53:14.689 1208.13
09:53:16.711 1207.83
09:53:18.688 1208.06
09:53:20.678 1208.98
09:53:22.696 1210.26
09:53:24.787 1210.38
09:53:26.688 1210.04
09:53:28.707 1209.98
09:53:30.696 1210.26
09:53:32.679 1210.43
09:53:32.679 1210.43
09:53:34.735 1210.96
09:53:36.703 1210.9
09:53:38.692 1211.35
09:53:40.703 1211.25
09:53:42.692 1211.15
09:53:44.691 1210.9
09:53:46.705 1211.38
09:53:48.694 1211.5
09:53:50.713 1211.56
09:53:52.791 1211.17
09:53:54.687 1211.56
09:53:56.687 1211.9
09:53:58.704 1211.95
09:54:00.687 1212.65
09:54:02.699 1212.94
09:54:04.687 1213.2
09:54:06.686 1213.57
09:54:08.714 1213.82
09:54:10.696 1213.94
09:54:12.692 1213.87
09:54:14.710 1213.64
09:54:16.702 1214.08
09:54:18.699 1214.37
09:54:20.619 1214.54
09:54:22.688 1214.69
09:54:24.692 1214.76
09:54:26.804 1214.28
09:54:28.739 1214.63
09:54:30.698 1213.54
09:54:32.697 1213.97
09:54:34.615 1214.1
09:54:36.761 1214.19
09:54:38.700 1214.22
09:54:40.790 1214.77
09:54:42.688 1214.56
09:54:44.694 1214.18
09:54:46.801 1214.18
09:54:48.697 1214.02
09:54:50.685 1214.01
09:54:52.683 1213.76
09:54:54.681 1212.9
09:54:56.577 1213.28
09:54:58.706 1214.06
09:55:00.710 1214.14
09:55:02.698 1214.26
09:55:04.695 1214.48
09:55:06.665 1214.37
09:55:08.601 1214.79
09:55:10.700 1214.83
09:55:12.605 1214.9
09:55:14.602 1214.99
09:55:16.706 1214.97
09:55:18.683 1214.68
09:55:20.692 1214.72
09:55:22.790 1214.67
09:55:24.698 1214.7
09:55:26.686 1214.6
09:55:28.794 1214.69
09:55:30.682 1215.11
09:55:32.701 1215.26
09:55:34.709 1215.59
09:55:36.711 1215.38
09:55:38.687 1215.72
09:55:40.714 1216.0
09:55:42.581 1215.98
09:55:44.702 1215.64
09:55:46.704 1215.9
09:55:48.612 1216.61
09:55:50.602 1216.14
09:55:52.885 1215.82
09:55:54.702 1215.72
09:55:56.691 1216.0
09:55:58.719 1216.13
09:56:00.714 1215.83
09:56:02.810 1215.04
09:56:04.698 1214.94
09:56:06.697 1214.87
09:56:08.685 1214.92
09:56:10.715 1214.7
09:56:12.693 1215.05
09:56:14.681 1214.93
09:56:16.723 1214.83
09:56:18.690 1215.01
09:56:20.690 1215.24
09:56:22.770 1214.48
09:56:24.698 1214.52
09:56:26.699 1214.35
09:56:28.852 1214.98
09:56:30.700 1214.76
09:56:32.681 1214.92
09:56:34.698 1214.59
09:56:36.798 1214.41
09:56:38.685 1213.99
09:56:40.795 1214.24
09:56:42.683 1214.68
09:56:44.683 1215.27
09:56:46.786 1214.73
09:56:48.600 1214.98
09:56:50.680 1214.94
09:56:52.721 1214.29
09:56:54.694 1214.54
09:56:56.683 1214.42
09:56:58.753 1213.97
09:57:00.696 1213.38
09:57:02.685 1213.24
09:57:04.712 1213.37
09:57:06.691 1213.68
09:57:08.688 1213.43
09:57:10.718 1212.71
09:57:12.685 1213.3
09:57:14.591 1213.19
09:57:16.699 1213.28
09:57:18.612 1213.36
09:57:20.589 1213.12
09:57:22.700 1212.59
09:57:24.685 1212.26
09:57:26.685 1212.28
09:57:28.713 1211.69
09:57:30.694 1211.66
09:57:32.685 1211.64
09:57:34.600 1210.72
09:57:36.691 1210.63
09:57:38.680 1210.36
09:57:40.700 1210.32
09:57:42.697 1210.11
09:57:44.686 1209.22
09:57:46.699 1209.11
09:57:48.686 1208.92
09:57:50.584 1209.09
09:57:52.743 1208.52
09:57:54.691 1208.8
09:57:56.688 1208.29
09:57:58.797 1207.84
09:58:00.691 1207.99
09:58:02.679 1207.64
09:58:04.706 1207.59
09:58:06.696 1207.68
09:58:08.592 1207.84
09:58:10.704 1208.86
09:58:12.681 1209.59
09:58:14.701 1210.22
09:58:16.692 1210.51
09:58:18.801 1209.9
09:58:20.739 1210.2
09:58:22.615 1210.26
09:58:24.695 1210.48
09:58:26.704 1210.16
09:58:28.742 1210.62
09:58:30.682 1210.47
09:58:32.793 1210.44
09:58:34.720 1210.57
09:58:36.793 1211.01
09:58:38.741 1211.6
09:58:40.707 1212.4
09:58:42.707 1212.46
09:58:44.704 1213.56
09:58:46.694 1213.26
09:58:48.743 1213.31
09:58:50.723 1213.37
09:58:52.694 1213.02
09:58:54.694 1213.11
09:58:56.914 1212.43
09:58:58.730 1212.53
09:59:00.694 1212.6
09:59:02.715 1211.88
09:59:04.753 1211.6
09:59:06.693 1212.04
09:59:08.703 1211.26
09:59:10.701 1211.5
09:59:12.708 1211.2
09:59:14.826 1210.8
09:59:16.624 1210.68
09:59:18.683 1211.23
09:59:20.702 1210.73
09:59:22.702 1210.36
09:59:24.703 1209.96
09:59:26.701 1209.6
09:59:28.738 1209.51
09:59:30.789 1209.53
09:59:32.800 1208.99
09:59:34.707 1208.92
09:59:36.697 1209.43
09:59:38.697 1210.06
09:59:40.696 1209.76
09:59:42.693 1209.47
09:59:44.722 1209.35
09:59:46.696 1209.25
09:59:48.682 1209.88
09:59:50.721 1209.86
09:59:52.700 1209.42
09:59:54.678 1209.31
09:59:56.691 1209.37
09:59:58.780 1209.44
10:00:00.795 1209.47
10:00:02.804 1209.41
10:00:04.692 1209.3
10:00:06.690 1208.62
10:00:08.687 1207.95
10:00:10.688 1207.81
10:00:12.686 1207.76
10:00:14.691 1208.01
10:00:16.703 1207.99
10:00:18.999 1208.33
10:00:20.788 1208.51
10:00:22.805 1208.0
10:00:24.714 1207.68
10:00:26.696 1207.5
10:00:28.735 1207.19
10:00:30.686 1206.41
10:00:32.685 1206.15
10:00:34.782 1206.41
10:00:36.791 1205.51
10:00:38.598 1205.26
10:00:40.694 1205.35
10:00:42.684 1205.33
10:00:44.692 1205.48
10:00:46.704 1204.96
10:00:48.692 1206.16
10:00:50.679 1206.73
10:00:52.698 1206.69
10:00:54.686 1207.79
10:00:56.686 1207.89
10:00:58.787 1207.75
10:01:00.691 1207.88
10:01:02.720 1207.54
10:01:04.726 1207.34
10:01:06.684 1207.0
10:01:08.691 1207.41
10:01:10.699 1206.83
10:01:12.698 1207.1
10:01:14.686 1207.21
10:01:16.689 1207.16
10:01:18.799 1207.16
10:01:20.688 1206.88
10:01:22.798 1206.98
10:01:24.676 1207.26
10:01:26.693 1206.35
10:01:28.689 1206.03
10:01:30.681 1205.6
10:01:32.680 1205.06
10:01:34.708 1204.6
10:01:36.686 1205.05
10:01:38.692 1204.68
10:01:40.712 1204.4
10:01:42.693 1204.8
10:01:44.693 1204.44
10:01:46.703 1204.05
10:01:48.678 1204.15
10:01:50.691 1204.7
10:01:52.702 1204.48
10:01:54.686 1204.09
10:01:56.686 1204.31
10:01:58.706 1203.98
10:02:00.692 1204.12
10:02:02.581 1205.19
10:02:04.709 1205.37
10:02:06.586 1204.93
10:02:08.708 1205.53
10:02:10.714 1205.96
10:02:12.682 1206.22
10:02:14.588 1206.67
10:02:16.712 1206.61
10:02:18.688 1206.75
10:02:20.729 1206.16
10:02:22.695 1206.31
10:02:24.716 1206.45
10:02:26.594 1206.54
10:02:28.789 1206.45
10:02:30.696 1206.24
10:02:32.593 1206.08
10:02:34.797 1206.09
10:02:36.695 1206.46
10:02:38.662 1206.29
10:02:40.693 1205.83
10:02:42.692 1206.07
10:02:44.693 1206.17
10:02:46.675 1206.37
10:02:48.684 1206.08
10:02:50.734 1206.43
10:02:52.690 1206.2
10:02:54.688 1206.08
10:02:56.586 1206.18
10:02:58.695 1206.29
10:03:00.686 1206.41
10:03:02.696 1206.29
10:03:04.694 1206.19
10:03:06.685 1205.98
10:03:08.693 1206.12
10:03:10.794 1205.88
10:03:12.783 1206.55
10:03:14.691 1206.83
10:03:16.692 1206.2
10:03:18.700 1206.5
10:03:20.688 1205.84
10:03:22.716 1205.78
10:03:24.611 1205.55
10:03:26.681 1205.53
10:03:28.711 1205.23
10:03:30.690 1205.5
10:03:32.698 1205.52
10:03:34.695 1205.55
10:03:36.693 1205.67
10:03:38.703 1205.53
10:03:40.722 1205.96
10:03:42.697 1205.72
10:03:44.704 1206.6
10:03:46.708 1206.27
10:03:48.795 1206.32
10:03:50.797 1206.96
10:03:52.685 1207.04
10:03:54.702 1207.3
10:03:56.711 1206.96
10:03:58.790 1207.35
10:04:00.694 1206.91
10:04:02.684 1206.91
10:04:04.690 1206.45
10:04:06.688 1206.71
10:04:08.686 1206.16
10:04:10.795 1205.78
10:04:12.685 1205.29
10:04:14.682 1205.66
10:04:16.795 1205.72
10:04:18.690 1206.1
10:04:20.688 1205.76
10:04:22.696 1206.18
10:04:24.685 1206.11
10:04:26.595 1205.84
10:04:28.705 1205.94
10:04:30.717 1205.24
10:04:32.686 1204.8
10:04:34.746 1204.87
10:04:36.688 1204.64
10:04:38.695 1204.97
10:04:40.694 1204.76
10:04:42.682 1204.5
10:04:44.711 1204.44
10:04:46.692 1203.79
10:04:48.691 1204.07
10:04:50.690 1203.24
10:04:52.708 1203.12
10:04:54.686 1202.4
10:04:56.737 1202.53
10:04:58.693 1202.67
10:05:00.695 1202.51
10:05:02.747 1201.97
10:05:04.612 1202.19
10:05:06.703 1201.94
10:05:08.693 1202.03
10:05:10.701 1201.88
10:05:12.688 1201.19
10:05:14.682 1200.89
10:05:16.693 1201.5
10:05:18.702 1200.85
10:05:20.702 1201.29
10:05:22.802 1200.58
10:05:24.699 1200.34
10:05:26.698 1200.02
10:05:28.726 1199.96
10:05:30.789 1199.95
10:05:32.708 1199.47
10:05:34.698 1199.08
10:05:36.685 1198.8
10:05:38.693 1198.41
10:05:40.703 1198.65
10:05:42.783 1198.78
10:05:44.690 1198.82
10:05:46.704 1198.33
10:05:48.680 1199.15
10:05:50.599 1199.37
10:05:52.709 1198.84
10:05:54.778 1198.04
10:05:56.796 1198.05
10:05:58.803 1198.37
10:06:00.695 1198.36
10:06:02.602 1198.15
10:06:04.701 1199.04
10:06:06.690 1198.6
10:06:08.689 1198.39
10:06:10.778 1198.76
10:06:12.784 1198.44
10:06:14.691 1198.84
10:06:16.721 1198.86
10:06:18.688 1198.84
10:06:20.705 1199.49
10:06:22.797 1198.52
10:06:24.713 1198.68
10:06:26.691 1198.75
10:06:28.699 1198.96
10:06:30.677 1198.71
10:06:32.696 1198.78
10:06:34.702 1198.66
10:06:36.710 1198.88
10:06:38.698 1199.03
10:06:40.698 1199.34
10:06:42.820 1199.04
10:06:44.720 1199.16
10:06:46.734 1199.08
10:06:48.671 1199.43
10:06:50.682 1199.1
10:06:52.699 1199.37
10:06:54.677 1199.41
10:06:56.677 1199.36
10:06:58.797 1199.35
10:07:00.589 1199.29
10:07:02.588 1199.48
10:07:04.695 1199.63
10:07:06.682 1199.75
10:07:08.699 1199.57
10:07:10.697 1200.32
10:07:12.696 1200.16
10:07:14.714 1200.24
10:07:16.697 1200.34
10:07:18.695 1200.12
10:07:20.673 1200.04
10:07:22.701 1200.35
10:07:24.690 1199.71
10:07:26.687 1199.71
10:07:28.796 1199.92
10:07:30.714 1200.71
10:07:32.685 1200.94
10:07:34.701 1201.5
10:07:36.688 1201.44
10:07:38.684 1201.34
10:07:40.691 1201.11
10:07:42.680 1200.78
10:07:44.686 1200.34
10:07:46.778 1200.82
10:07:48.697 1201.03
10:07:50.687 1201.06
10:07:52.695 1200.95
10:07:54.693 1201.13
10:07:56.683 1201.03
10:07:58.713 1201.54
10:08:00.679 1201.49
10:08:02.688 1201.86
10:08:04.707 1202.34
10:08:06.749 1202.82
10:08:08.686 1202.31
10:08:10.704 1202.34
10:08:12.703 1202.57
10:08:14.692 1202.67
10:08:16.742 1203.2
10:08:18.696 1203.34
10:08:20.695 1202.93
10:08:22.695 1203.23
10:08:24.592 1203.2
10:08:26.692 1202.81
10:08:28.688 1202.96
10:08:30.697 1203.37
10:08:32.677 1203.12
10:08:34.705 1202.93
10:08:36.694 1203.25
10:08:38.692 1203.4
10:08:40.771 1203.12
10:08:42.696 1202.96
10:08:44.686 1202.51
10:08:46.715 1201.97
10:08:48.672 1202.0
10:08:50.800 1201.12
10:08:52.736 1200.73
10:08:54.736 1200.38
10:08:56.686 1199.89
10:08:58.807 1199.49
10:09:00.792 1199.61
10:09:02.681 1199.67
10:09:04.649 1199.41
10:09:06.691 1198.74
10:09:08.701 1198.9
10:09:10.678 1198.84
10:09:12.700 1198.93
10:09:14.589 1199.02
10:09:16.801 1198.74
10:09:18.697 1198.62
10:09:20.697 1198.25
10:09:22.703 1197.38
10:09:24.792 1197.3
10:09:26.701 1197.09
10:09:28.811 1197.52
10:09:30.717 1197.34
10:09:32.694 1197.09
10:09:34.680 1196.24
10:09:36.681 1196.06
10:09:38.772 1196.2
10:09:40.795 1196.01
10:09:42.723 1195.56
10:09:44.712 1195.55
10:09:46.706 1195.67
10:09:48.683 1195.95
10:09:50.681 1196.15
10:09:52.793 1196.24
10:09:54.680 1195.72
10:09:56.688 1195.61
10:09:58.706 1195.74
10:10:00.691 1195.63
10:10:02.682 1195.3
10:10:04.698 1194.96
10:10:06.697 1194.14
10:10:08.694 1193.88
10:10:10.688 1193.65
10:10:12.801 1193.57
10:10:14.687 1193.12
10:10:16.791 1193.11
10:10:18.698 1193.28
10:10:20.687 1192.59
10:10:22.697 1192.55
10:10:24.684 1192.3
10:10:26.695 1192.72
10:10:28.701 1192.49
10:10:30.701 1192.58
10:10:32.684 1192.11
10:10:34.690 1192.27
10:10:36.580 1192.13
10:10:38.597 1192.32
10:10:40.697 1191.76
10:10:42.694 1191.68
10:10:44.612 1191.7
10:10:46.693 1192.19
10:10:48.590 1191.86
10:10:50.682 1191.66
10:10:52.677 1191.84
10:10:54.696 1191.93
10:10:56.716 1192.16
10:10:58.695 1192.11
10:11:00.689 1192.59
10:11:02.686 1192.75
10:11:04.695 1192.19
10:11:06.696 1191.61
10:11:08.685 1191.39
10:11:10.723 1190.7
10:11:12.691 1190.87
10:11:14.696 1191.61
10:11:16.780 1191.19
10:11:18.586 1191.46
10:11:20.716 1191.37
10:11:22.694 1190.64
10:11:24.692 1190.28
10:11:26.693 1190.01
10:11:28.588 1190.55
10:11:30.688 1190.47
10:11:32.688 1190.91
10:11:34.696 1190.33
10:11:36.685 1190.08
10:11:38.683 1189.45
10:11:40.701 1189.37
10:11:42.689 1188.84
10:11:44.595 1188.78
10:11:46.721 1188.41
10:11:48.707 1188.3
10:11:50.696 1188.67
10:11:52.703 1188.4
10:11:54.683 1188.26
10:11:56.683 1188.38
10:11:58.722 1188.21
10:12:00.593 1188.03
10:12:02.684 1188.74
10:12:04.712 1188.84
10:12:06.610 1188.98
10:12:08.701 1189.63
10:12:10.709 1189.79
10:12:12.708 1190.08
10:12:14.695 1190.38
10:12:16.778 1190.37
10:12:18.716 1190.42
10:12:20.597 1191.64
10:12:22.696 1191.5
10:12:24.745 1191.64
10:12:26.777 1192.0
10:12:28.758 1191.92
10:12:30.696 1192.4
10:12:32.717 1192.26
10:12:34.705 1192.81
10:12:36.787 1192.92
10:12:38.693 1193.05
10:12:40.705 1193.38
10:12:42.713 1193.22
10:12:44.691 1193.81
10:12:46.695 1193.52
10:12:48.694 1193.63
10:12:50.694 1193.79
10:12:52.703 1193.68
10:12:54.681 1193.1
10:12:56.690 1193.69
10:12:58.797 1193.27
10:13:00.692 1193.69
10:13:02.690 1192.85
10:13:04.718 1193.71
10:13:06.792 1193.27
10:13:08.680 1193.48
10:13:10.710 1193.07
10:13:12.686 1193.33
10:13:14.685 1192.92
10:13:16.697 1193.04
10:13:18.694 1193.67
10:13:20.591 1193.92
10:13:22.701 1194.15
10:13:24.680 1193.96
10:13:26.666 1193.95
10:13:28.712 1194.2
10:13:30.692 1194.94
10:13:32.692 1194.94
10:13:34.699 1195.07
10:13:36.699 1195.05
10:13:38.710 1195.05
10:13:40.699 1195.23
10:13:42.697 1195.34
10:13:44.685 1195.71
10:13:46.685 1195.53
10:13:48.694 1195.42
10:13:50.692 1195.45
10:13:52.730 1195.65
10:13:54.686 1195.15
10:13:56.695 1194.76
10:13:58.703 1195.29
10:14:00.789 1195.34
10:14:02.588 1195.59
10:14:04.799 1196.02
10:14:06.693 1195.75
10:14:08.681 1195.64
10:14:10.703 1195.47
10:14:12.692 1194.84
10:14:14.701 1195.09
10:14:16.690 1194.57
10:14:18.688 1194.5
10:14:20.689 1194.15
10:14:22.726 1193.73
10:14:24.693 1193.68
10:14:26.705 1193.4
10:14:28.703 1193.67
10:14:30.683 1193.79
10:14:32.601 1193.57
10:14:34.701 1193.48
10:14:36.693 1193.07
10:14:38.690 1193.14
10:14:40.720 1193.51
10:14:42.687 1193.86
10:14:44.696 1193.42
10:14:46.710 1193.56
10:14:48.687 1193.78
10:14:50.696 1194.08
10:14:52.705 1194.83
10:14:54.682 1194.03
10:14:56.702 1194.03
10:14:58.682 1193.95
10:15:00.696 1193.59
10:15:02.595 1193.61
10:15:04.694 1193.46
10:15:06.794 1193.59
10:15:08.698 1193.33
10:15:10.708 1192.5
10:15:12.686 1192.41
10:15:14.704 1192.17
10:15:16.686 1191.53
10:15:18.685 1191.8
10:15:20.683 1191.29
10:15:22.702 1191.51
10:15:24.698 1191.21
10:15:26.686 1191.58
10:15:28.704 1191.0
10:15:30.674 1190.78
10:15:32.695 1190.24
10:15:34.704 1189.85
10:15:36.696 1189.77
10:15:38.675 1189.79
10:15:40.694 1189.64
10:15:42.672 1189.33
10:15:44.576 1190.24
10:15:46.691 1190.08
10:15:48.668 1190.11
10:15:50.597 1189.95
10:15:52.729 1190.32
10:15:54.686 1191.07
10:15:56.700 1190.57
10:15:58.790 1191.01
10:16:00.695 1190.96
10:16:02.735 1191.33
10:16:04.705 1191.34
10:16:06.684 1191.16
10:16:08.693 1190.87
10:16:10.723 1190.62
10:16:12.688 1190.75
10:16:14.679 1190.7
10:16:16.699 1190.48
10:16:18.688 1190.71
10:16:20.686 1190.51
10:16:22.697 1190.91
10:16:24.725 1190.17
10:16:26.695 1189.99
10:16:28.804 1190.13
10:16:30.682 1190.2
10:16:32.601 1190.53
10:16:34.732 1190.31
10:16:36.690 1190.55
10:16:38.680 1190.27
10:16:40.720 1190.46
10:16:42.694 1190.72
10:16:44.685 1190.78
10:16:46.697 1190.76
10:16:48.688 1190.4
10:16:50.687 1190.67
10:16:52.674 1190.46
10:16:54.684 1190.22
10:16:56.683 1189.98
10:16:58.792 1190.06
10:17:00.688 1188.86
10:17:02.686 1188.24
10:17:04.692 1187.55
10:17:06.691 1187.51
10:17:08.698 1187.9
10:17:10.790 1188.35
10:17:12.695 1187.74
10:17:14.602 1187.91
10:17:16.709 1187.62
10:17:18.694 1187.97
10:17:20.683 1188.04
10:17:22.785 1187.99
10:17:24.692 1187.95
10:17:26.680 1188.38
10:17:28.697 1187.74
10:17:30.688 1188.07
10:17:32.677 1187.82
10:17:34.695 1188.2
10:17:36.695 1188.27
10:17:38.692 1188.39
10:17:40.719 1188.37
10:17:42.686 1188.37
10:17:44.692 1187.95
10:17:46.715 1187.8
10:17:48.805 1187.81
10:17:50.693 1187.61
10:17:52.693 1187.2
10:17:54.692 1187.44
10:17:56.701 1187.7
10:17:58.790 1187.6
10:18:00.731 1188.41
10:18:02.723 1188.53
10:18:04.805 1188.44
10:18:06.712 1188.23
10:18:08.710 1188.55
10:18:10.689 1188.64
10:18:12.711 1188.79
10:18:14.709 1188.98
10:18:16.783 1188.83
10:18:18.690 1188.96
10:18:20.699 1189.28
10:18:22.821 1189.35
10:18:24.686 1188.95
10:18:26.768 1188.81
10:18:28.695 1189.19
10:18:30.788 1188.77
10:18:32.684 1188.47
10:18:34.693 1188.74
10:18:36.684 1188.41
10:18:38.692 1189.58
10:18:40.733 1189.24
10:18:42.691 1189.33
10:18:44.687 1189.37
10:18:46.711 1189.39
10:18:48.689 1189.0
10:18:50.685 1189.24
10:18:52.704 1189.31
10:18:54.692 1189.65
10:18:56.680 1190.06
10:18:58.782 1190.1
10:19:00.685 1190.22
10:19:02.684 1190.89
10:19:04.713 1191.01
10:19:06.681 1191.17
10:19:08.688 1191.23
10:19:10.698 1191.43
10:19:12.707 1190.73
10:19:14.682 1190.75
10:19:16.696 1191.15
10:19:18.691 1190.73
10:19:20.698 1190.68
10:19:22.689 1190.97
10:19:24.681 1191.03
10:19:26.692 1190.76
10:19:28.700 1191.12
10:19:30.680 1191.06
10:19:32.690 1190.76
10:19:34.679 1191.13
10:19:36.700 1191.01
10:19:38.686 1191.07
10:19:40.796 1191.01
10:19:42.682 1191.99
10:19:44.680 1192.14
10:19:46.691 1191.94
10:19:48.688 1191.63
10:19:50.727 1191.79
10:19:52.707 1192.12
10:19:54.683 1192.29
10:19:56.595 1192.22
10:19:58.723 1192.05
10:20:00.675 1192.12
10:20:02.689 1192.04
10:20:04.687 1192.27
10:20:06.666 1191.52
10:20:08.683 1191.76
10:20:10.783 1192.14
10:20:12.579 1191.89
10:20:14.689 1191.89
10:20:16.691 1192.0
10:20:18.686 1191.9
10:20:20.686 1192.21
10:20:22.697 1192.1
10:20:24.583 1192.35
10:20:26.683 1192.22
10:20:28.690 1192.24
10:20:30.678 1192.47
10:20:32.698 1192.59
10:20:34.725 1192.38
10:20:36.795 1192.37
10:20:38.702 1192.29
10:20:40.690 1193.1
10:20:42.690 1193.62
10:20:44.576 1193.59
10:20:46.707 1193.29
10:20:48.687 1193.77
10:20:50.705 1194.11
10:20:52.796 1193.73
10:20:54.694 1193.86
10:20:56.684 1193.9
10:20:58.715 1193.8
10:21:00.692 1193.95
10:21:02.668 1194.28
10:21:04.798 1194.28
10:21:06.561 1193.91
10:21:08.592 1194.21
10:21:10.791 1194.46
10:21:12.676 1194.4
10:21:14.686 1194.18
10:21:16.718 1194.03
10:21:18.684 1194.64
10:21:20.695 1194.7
10:21:22.692 1194.36
10:21:24.680 1194.8
10:21:26.690 1195.03
10:21:28.792 1194.35
10:21:30.691 1194.15
10:21:32.681 1194.76
10:21:34.689 1195.11
10:21:36.698 1194.92
10:21:38.666 1195.07
10:21:40.790 1195.16
10:21:42.676 1194.88
10:21:44.695 1195.36
10:21:46.695 1194.97
10:21:48.683 1194.84
10:21:50.601 1194.64
10:21:52.691 1195.22
10:21:54.691 1195.08
10:21:56.689 1195.65
10:21:58.698 1195.41
10:22:00.690 1195.17
10:22:02.689 1195.6
10:22:04.711 1195.41
10:22:06.698 1195.72
10:22:08.686 1195.52
10:22:10.733 1195.63
10:22:12.682 1195.11
10:22:14.772 1195.64
10:22:16.703 1195.31
10:22:18.679 1195.12
10:22:20.687 1194.82
10:22:22.717 1195.5
10:22:24.694 1195.39
10:22:26.693 1195.92
10:22:28.783 1196.04
10:22:30.682 1195.69
10:22:32.691 1196.36
10:22:34.690 1196.27
10:22:36.689 1197.07
10:22:38.686 1197.0
10:22:40.696 1196.91
10:22:42.694 1196.71
10:22:44.692 1196.42
10:22:46.694 1196.55
10:22:48.593 1196.67
10:22:50.681 1196.95
10:22:52.803 1197.01
10:22:54.701 1197.04
10:22:56.691 1196.85
10:22:58.739 1197.06
10:23:00.692 1197.29
10:23:02.682 1197.59
10:23:04.801 1197.48
10:23:06.781 1198.08
10:23:08.687 1197.89
10:23:10.706 1198.14
10:23:12.682 1197.72
10:23:14.691 1197.87
10:23:16.705 1197.7
10:23:18.680 1197.85
10:23:20.690 1197.78
10:23:22.770 1198.16
10:23:24.717 1197.95
10:23:26.695 1198.35
10:23:28.723 1198.38
10:23:30.695 1198.82
10:23:32.694 1198.51
10:23:34.701 1198.28
10:23:36.690 1198.35
10:23:38.597 1198.12
10:23:40.706 1198.14
10:23:42.705 1198.01
10:23:44.673 1197.61
10:23:46.746 1197.75
10:23:48.674 1197.91
10:23:50.690 1197.68
10:23:52.700 1197.85
10:23:54.699 1197.68
10:23:56.689 1197.99
10:23:58.696 1197.31
10:24:00.692 1197.74
10:24:02.681 1197.58
10:24:04.741 1197.95
10:24:06.730 1197.87
10:24:08.699 1198.17
10:24:10.710 1197.97
10:24:12.609 1197.66
10:24:14.690 1197.78
10:24:16.712 1198.01
10:24:18.681 1197.65
10:24:20.700 1197.5
10:24:22.699 1197.6
10:24:24.687 1197.68
10:24:26.689 1197.54
10:24:28.768 1197.43
10:24:30.698 1197.71
10:24:32.697 1197.56
10:24:34.707 1197.73
10:24:36.684 1197.84
10:24:38.693 1198.15
10:24:40.700 1197.85
10:24:42.698 1198.09
10:24:44.586 1198.33
10:24:46.751 1198.37
10:24:48.598 1198.68
10:24:50.814 1198.71
10:24:52.701 1198.63
10:24:54.690 1199.08
10:24:56.688 1199.02
10:24:58.593 1199.71
10:25:00.688 1199.48
10:25:02.689 1199.67
10:25:04.749 1199.67
10:25:06.696 1200.06
10:25:08.594 1199.59
10:25:10.726 1200.0
10:25:12.604 1199.83
10:25:14.696 1199.53
10:25:16.716 1199.75
10:25:18.600 1199.43
10:25:20.702 1199.45
10:25:22.783 1199.32
10:25:24.702 1199.24
10:25:26.701 1199.45
10:25:28.711 1198.97
10:25:30.679 1198.64
10:25:32.688 1198.68
10:25:34.705 1199.07
10:25:36.695 1199.14
10:25:38.691 1199.04
10:25:40.598 1199.11
10:25:42.697 1199.07
10:25:44.683 1199.07
10:25:46.705 1199.21
10:25:48.590 1199.43
10:25:50.689 1199.33
10:25:52.698 1199.61
10:25:54.728 1198.99
10:25:56.697 1198.85
10:25:58.734 1198.91
10:26:00.595 1199.02
10:26:02.698 1199.1
10:26:04.695 1199.06
10:26:06.685 1198.62
10:26:08.684 1198.75
10:26:10.794 1198.52
10:26:12.802 1198.52
10:26:14.688 1198.17
10:26:16.619 1197.46
10:26:18.699 1197.66
10:26:20.680 1197.83
10:26:22.689 1197.97
10:26:24.674 1197.85
10:26:26.683 1197.38
10:26:28.760 1197.48
10:26:30.680 1197.5
10:26:32.700 1197.46
10:26:34.694 1197.83
10:26:36.674 1197.72
10:26:38.672 1198.09
10:26:40.611 1197.8
10:26:42.690 1198.02
10:26:44.687 1198.08
10:26:46.700 1198.29
10:26:48.701 1198.2
10:26:50.691 1198.47
10:26:52.800 1198.91
10:26:54.707 1198.5
10:26:56.684 1198.91
10:26:58.702 1198.65
10:27:00.688 1198.43
10:27:02.674 1198.42
10:27:04.701 1198.54
10:27:06.702 1199.1
10:27:08.690 1198.51
10:27:10.710 1198.78
10:27:12.687 1198.78
10:27:14.695 1198.46
10:27:16.594 1198.7
10:27:18.681 1198.42
10:27:20.703 1198.49
10:27:22.722 1198.56
10:27:24.599 1198.82
10:27:26.596 1198.41
10:27:28.809 1198.41
10:27:30.686 1198.41
10:27:32.686 1198.11
10:27:34.723 1198.29
10:27:36.702 1198.06
10:27:38.586 1198.15
10:27:40.593 1197.78
10:27:42.614 1197.78
10:27:44.684 1198.3
10:27:46.693 1197.98
10:27:48.682 1198.19
10:27:50.698 1198.49
10:27:52.603 1198.49
10:27:54.693 1199.05
10:27:56.715 1198.39
10:27:58.812 1198.59
10:28:00.603 1198.49
10:28:02.692 1198.52
10:28:04.701 1198.66
10:28:06.681 1198.77
10:28:08.596 1198.96
10:28:10.688 1198.97
10:28:12.687 1199.09
10:28:14.704 1198.74
10:28:16.698 1198.93
10:28:18.674 1198.8
10:28:20.592 1198.68
10:28:22.691 1198.86
10:28:24.689 1198.63
10:28:26.691 1198.47
10:28:28.699 1198.73
10:28:30.678 1198.79
10:28:32.604 1198.47
10:28:34.703 1198.6
10:28:36.680 1198.67
10:28:38.688 1198.62
10:28:40.797 1198.87
10:28:42.694 1199.05
10:28:44.692 1198.97
10:28:46.731 1198.96
10:28:48.688 1199.14
10:28:50.685 1199.22
10:28:52.693 1200.31
10:28:54.682 1200.52
10:28:56.703 1200.55
10:28:58.712 1201.08
10:29:00.686 1200.89
10:29:02.705 1200.68
10:29:04.703 1200.93
10:29:06.680 1200.61
10:29:08.698 1200.45
10:29:10.717 1200.16
10:29:12.597 1200.02
10:29:14.686 1200.43
10:29:16.699 1200.37
10:29:18.686 1200.34
10:29:20.693 1200.57
10:29:22.682 1200.37
10:29:24.589 1200.8
10:29:26.688 1200.52
10:29:28.706 1200.28
10:29:30.706 1200.92
10:29:32.697 1200.63
10:29:34.696 1201.48
10:29:36.566 1201.51
10:29:38.582 1201.58
10:29:40.693 1202.21
10:29:42.700 1202.43
10:29:44.699 1202.59
10:29:46.701 1202.51
10:29:48.689 1202.57
10:29:50.696 1202.42
10:29:52.692 1202.33
10:29:54.689 1202.35
10:29:56.595 1202.67
10:29:58.685 1202.63
10:30:00.589 1202.36
10:30:02.690 1203.0
10:30:04.595 1202.45
10:30:06.683 1202.76
10:30:08.711 1202.95
10:30:10.698 1202.9
10:30:12.684 1203.05
10:30:14.591 1203.51
10:30:16.703 1203.34
10:30:18.680 1203.24
10:30:20.689 1203.03
10:30:22.695 1203.04
10:30:24.603 1203.1
10:30:26.691 1203.65
10:30:28.789 1203.31
10:30:30.607 1203.55
10:30:32.578 1203.36
10:30:34.696 1203.45
10:30:36.694 1203.28
10:30:38.581 1203.54
10:30:40.711 1203.65
10:30:42.710 1203.4
10:30:44.588 1203.7
10:30:46.688 1203.87
10:30:48.687 1203.63
10:30:50.583 1203.97
10:30:52.701 1204.88
10:30:54.801 1205.04
10:30:56.600 1204.98
10:30:58.740 1204.84
10:31:00.687 1205.1
10:31:02.693 1205.43
10:31:04.781 1205.73
10:31:06.699 1205.94
10:31:08.685 1206.26
10:31:10.774 1205.76
10:31:12.671 1205.76
10:31:14.588 1205.71
10:31:16.730 1206.04
10:31:18.606 1206.2
10:31:20.695 1206.2
10:31:22.704 1206.53
10:31:24.692 1206.34
10:31:26.691 1206.07
10:31:28.699 1206.33
10:31:30.606 1206.12
10:31:32.676 1206.25
10:31:34.787 1206.69
10:31:36.685 1206.56
10:31:38.685 1205.91
10:31:40.692 1206.39
10:31:42.599 1206.65
10:31:44.688 1206.67
10:31:46.706 1206.97
10:31:48.686 1207.32
10:31:50.692 1207.14
10:31:52.691 1206.93
10:31:54.589 1206.89
10:31:56.698 1206.9
10:31:58.705 1206.05
10:32:00.682 1206.05
10:32:02.693 1205.55
10:32:04.689 1205.22
10:32:06.676 1204.7
10:32:08.694 1204.62
10:32:10.792 1204.59
10:32:12.727 1204.71
10:32:14.688 1204.78
10:32:16.699 1204.89
10:32:18.675 1204.99
10:32:20.693 1205.01
10:32:22.700 1205.33
10:32:24.657 1205.26
10:32:26.675 1205.33
10:32:28.704 1205.22
10:32:30.581 1205.91
10:32:32.601 1205.99
10:32:34.689 1206.61
10:32:36.667 1206.62
10:32:38.597 1206.22
10:32:40.603 1206.49
10:32:42.690 1206.29
10:32:44.586 1206.29
10:32:46.686 1206.1
10:32:48.684 1206.21
10:32:50.590 1206.31
10:32:52.698 1206.67
10:32:54.704 1206.16
10:32:56.681 1206.05
10:32:58.677 1206.31
10:33:00.697 1206.94
10:33:02.684 1206.1
10:33:04.803 1206.47
10:33:06.688 1206.51
10:33:08.684 1206.23
10:33:10.713 1206.06
10:33:12.671 1206.16
10:33:14.598 1206.26
10:33:16.696 1206.35
10:33:18.693 1206.44
10:33:20.689 1206.85
10:33:22.674 1206.93
10:33:24.681 1207.22
10:33:26.689 1207.13
10:33:28.910 1207.03
10:33:30.686 1206.83
10:33:32.684 1207.14
10:33:34.700 1207.02
10:33:36.688 1207.24
10:33:38.695 1207.12
10:33:40.773 1207.82
10:33:42.682 1207.28
10:33:44.692 1206.87
10:33:46.692 1206.87
10:33:48.689 1206.7
10:33:50.687 1206.38
10:33:52.704 1206.31
10:33:54.693 1206.69
10:33:56.683 1207.34
10:33:58.791 1207.5
10:34:00.698 1207.15
10:34:02.684 1206.97
10:34:04.721 1207.32
10:34:06.698 1207.11
10:34:08.686 1207.0
10:34:10.715 1207.51
10:34:12.603 1207.55
10:34:14.611 1207.52
10:34:16.710 1207.26
10:34:18.696 1207.6
10:34:20.611 1207.66
10:34:22.691 1207.91
10:34:24.691 1207.14
10:34:26.692 1207.32
10:34:28.719 1207.26
10:34:30.679 1207.36
10:34:32.586 1207.36
10:34:34.707 1207.21
10:34:36.685 1207.52
10:34:38.674 1207.85
10:34:40.693 1207.21
10:34:42.692 1207.2
10:34:44.709 1207.07
10:34:46.708 1207.48
10:34:48.689 1207.4
10:34:50.698 1207.12
10:34:52.705 1207.35
10:34:54.603 1207.52
10:34:56.690 1207.51
10:34:58.787 1206.79
10:35:00.695 1207.22
10:35:02.692 1207.22
10:35:04.782 1207.19
10:35:06.699 1207.42
10:35:08.695 1207.46
10:35:10.695 1207.82
10:35:12.598 1208.03
10:35:14.700 1207.54
10:35:16.701 1206.26
10:35:18.701 1206.39
10:35:20.699 1206.14
10:35:22.686 1205.92
10:35:24.694 1206.06
10:35:26.682 1206.26
10:35:28.701 1205.86
10:35:30.691 1205.84
10:35:32.687 1206.26
10:35:34.804 1205.96
10:35:36.691 1206.24
10:35:38.709 1206.15
10:35:40.697 1206.37
10:35:42.685 1206.76
10:35:44.591 1206.35
10:35:46.703 1206.3
10:35:48.691 1206.57
10:35:50.687 1206.26
10:35:52.715 1206.48
10:35:54.674 1206.88
10:35:56.683 1206.65
10:35:58.792 1206.59
10:36:00.690 1206.38
10:36:02.688 1206.68
10:36:04.727 1207.34
10:36:06.691 1207.52
10:36:08.689 1207.62
10:36:10.790 1207.35
10:36:12.615 1207.39
10:36:14.684 1207.81
10:36:16.795 1207.79
10:36:18.682 1207.79
10:36:20.680 1207.91
10:36:22.789 1207.93
10:36:24.685 1207.87
10:36:26.695 1208.23
10:36:28.702 1208.24
10:36:30.742 1208.22
10:36:32.678 1208.15
10:36:34.718 1208.31
10:36:36.686 1208.27
10:36:38.695 1208.21
10:36:40.794 1208.25
10:36:42.682 1208.11
10:36:44.709 1207.85
10:36:46.728 1208.26
10:36:48.685 1208.25
10:36:50.601 1208.29
10:36:52.691 1208.09
10:36:54.679 1207.88
10:36:56.688 1208.27
10:36:58.716 1208.61
10:37:00.780 1208.58
10:37:02.687 1208.15
10:37:04.787 1208.09
10:37:06.695 1207.81
10:37:08.682 1207.75
10:37:10.794 1207.55
10:37:12.698 1207.64
10:37:14.684 1207.65
10:37:16.725 1207.51
10:37:18.693 1207.95
10:37:20.702 1207.73
10:37:22.792 1207.87
10:37:24.687 1207.77
10:37:26.725 1207.7
10:37:28.702 1208.02
10:37:30.713 1207.78
10:37:32.681 1207.97
10:37:34.699 1208.24
10:37:36.597 1207.96
10:37:38.686 1207.87
10:37:40.704 1207.93
10:37:42.692 1207.89
10:37:44.701 1208.01
10:37:46.698 1208.27
10:37:48.687 1208.11
10:37:50.695 1208.14
10:37:52.783 1208.38
10:37:54.681 1207.89
10:37:56.597 1207.98
10:37:58.787 1208.01
10:38:00.695 1207.7
10:38:02.696 1207.33
10:38:04.695 1207.45
10:38:06.684 1206.57
10:38:08.682 1206.36
10:38:10.699 1206.51
10:38:12.697 1206.6
10:38:14.692 1206.46
10:38:16.814 1206.3
10:38:18.691 1206.56
10:38:20.700 1206.43
10:38:22.696 1206.45
10:38:24.681 1206.31
10:38:26.691 1206.4
10:38:28.708 1206.67
10:38:30.670 1206.49
10:38:32.690 1206.18
10:38:34.697 1206.45
10:38:36.694 1206.42
10:38:38.691 1206.2
10:38:40.798 1205.89
10:38:42.746 1205.86
10:38:44.692 1205.48
10:38:46.724 1205.88
10:38:48.690 1205.3
10:38:50.678 1204.92
10:38:52.704 1205.04
10:38:54.692 1205.24
10:38:56.693 1205.12
10:38:58.700 1205.04
10:39:00.689 1204.87
10:39:02.696 1204.54
10:39:04.726 1203.88
10:39:06.714 1203.62
10:39:08.689 1202.91
10:39:10.789 1202.47
10:39:12.695 1202.32
10:39:14.686 1202.29
10:39:16.705 1202.43
10:39:18.682 1202.54
10:39:20.691 1202.54
10:39:22.710 1203.01
10:39:24.687 1203.27
10:39:26.715 1202.8
10:39:28.724 1202.71
10:39:30.704 1202.67
10:39:32.690 1202.43
10:39:34.696 1202.4
10:39:36.682 1202.4
10:39:38.691 1202.65
10:39:40.708 1202.48
10:39:42.683 1202.47
10:39:44.681 1202.49
10:39:46.701 1202.49
10:39:48.688 1202.71
10:39:50.687 1202.73
10:39:52.705 1202.35
10:39:54.683 1201.82
10:39:56.691 1202.46
10:39:58.700 1202.23
10:40:00.701 1202.72
10:40:02.676 1202.94
10:40:04.704 1202.55
10:40:06.682 1202.71
10:40:08.712 1202.6
10:40:10.720 1202.94
10:40:12.688 1202.61
10:40:14.696 1202.75
10:40:16.730 1202.74
10:40:18.697 1202.62
10:40:20.665 1202.56
10:40:22.602 1202.66
10:40:24.681 1202.31
10:40:26.689 1202.45
10:40:28.704 1201.81
10:40:30.673 1201.56
10:40:32.600 1201.68
10:40:34.670 1201.84
10:40:36.688 1201.58
10:40:38.594 1201.98
10:40:40.703 1201.74
10:40:42.689 1201.64
10:40:44.678 1202.35
10:40:46.700 1201.87
10:40:48.696 1201.88
10:40:50.684 1201.8
10:40:52.703 1201.95
10:40:54.614 1201.58
10:40:56.582 1201.95
10:40:58.794 1201.88
10:41:00.693 1201.36
10:41:02.591 1201.01
10:41:04.679 1200.79
10:41:06.595 1201.17
10:41:08.685 1201.18
10:41:10.703 1200.24
10:41:12.679 1200.26
10:41:14.697 1200.12
10:41:16.707 1199.59
10:41:18.594 1199.87
10:41:20.572 1200.04
10:41:22.701 1199.79
10:41:24.689 1199.83
10:41:26.688 1200.04
10:41:28.746 1200.19
10:41:30.693 1199.9
10:41:32.590 1199.77
10:41:34.710 1199.49
10:41:36.697 1199.27
10:41:38.686 1199.42
10:41:40.784 1199.2
10:41:42.700 1198.98
10:41:44.681 1198.98
10:41:46.712 1198.98
10:41:48.703 1198.61
10:41:50.681 1198.31
10:41:52.718 1198.6
10:41:54.593 1198.35
10:41:56.692 1198.32
10:41:58.749 1198.51
10:42:00.696 1198.41
10:42:02.683 1198.31
10:42:04.699 1198.17
10:42:06.687 1198.17
10:42:08.684 1198.29
10:42:10.814 1198.0
10:42:12.679 1197.27
10:42:14.685 1197.35
10:42:16.705 1197.17
10:42:18.590 1196.93
10:42:20.689 1197.32
10:42:22.789 1197.38
10:42:24.685 1197.62
10:42:26.682 1197.3
10:42:28.751 1196.97
10:42:30.687 1196.74
10:42:32.585 1197.12
10:42:34.701 1197.01
10:42:36.700 1196.87
10:42:38.699 1196.96
10:42:40.797 1197.32
10:42:42.789 1197.49
10:42:44.587 1198.01
10:42:46.697 1197.79
10:42:48.610 1198.33
10:42:50.689 1198.27
10:42:52.709 1198.14
10:42:54.707 1197.83
10:42:56.592 1197.81
10:42:58.723 1197.76
10:43:00.793 1197.76
10:43:02.681 1197.38
10:43:04.610 1197.49
10:43:06.688 1197.8
10:43:08.686 1197.75
10:43:10.733 1197.95
10:43:12.589 1197.99
10:43:14.577 1197.85
10:43:16.699 1197.74
10:43:18.677 1197.55
10:43:20.685 1197.71
10:43:22.785 1197.83
10:43:24.691 1197.46
10:43:26.690 1197.1
10:43:28.702 1197.46
10:43:30.579 1197.57
10:43:32.701 1197.72
10:43:34.748 1197.58
10:43:36.697 1198.23
10:43:38.683 1197.71
10:43:40.714 1197.97
10:43:42.694 1197.85
10:43:44.692 1198.27
10:43:46.724 1197.68
10:43:48.691 1197.22
10:43:50.596 1197.56
10:43:52.696 1197.7
10:43:54.695 1197.1
10:43:56.682 1197.26
10:43:58.711 1197.09
10:44:00.690 1197.61
10:44:02.688 1197.42
10:44:04.716 1197.4
10:44:06.722 1197.1
10:44:08.694 1197.1
10:44:10.711 1197.24
10:44:12.730 1197.69
10:44:14.686 1197.97
10:44:16.706 1197.7
10:44:18.703 1197.97
10:44:20.693 1197.76
10:44:22.710 1197.77
10:44:24.563 1198.13
10:44:26.584 1198.03
10:44:28.693 1198.29
10:44:30.689 1197.97
10:44:32.688 1198.09
10:44:34.593 1198.29
10:44:36.701 1198.33
10:44:38.678 1199.23
10:44:40.726 1199.65
10:44:42.673 1199.8
10:44:44.590 1200.2
10:44:46.731 1199.92
10:44:48.689 1199.6
10:44:50.697 1199.57
10:44:52.693 1199.47
10:44:54.692 1199.36
10:44:56.690 1199.52
10:44:58.730 1199.48
10:45:00.689 1199.79
10:45:02.667 1199.71
10:45:04.693 1199.59
10:45:06.712 1200.01
10:45:08.588 1200.38
10:45:10.726 1200.28
10:45:12.592 1200.15
10:45:14.680 1200.3
10:45:16.708 1200.58
10:45:18.685 1200.56
10:45:20.684 1200.28
10:45:22.689 1200.89
10:45:24.688 1201.34
10:45:26.684 1201.54
10:45:28.710 1201.89
10:45:30.696 1201.66
10:45:32.695 1202.09
10:45:34.611 1202.33
10:45:36.701 1202.03
10:45:38.681 1202.31
10:45:40.789 1202.51
10:45:42.596 1202.03
10:45:44.593 1202.31
10:45:46.693 1201.98
10:45:48.703 1201.98
10:45:50.701 1202.62
10:45:52.700 1202.64
10:45:54.696 1202.62
10:45:56.682 1202.51
10:45:58.800 1202.58
10:46:00.676 1202.51
10:46:02.604 1202.82
10:46:04.703 1202.94
10:46:06.701 1203.27
10:46:08.690 1203.36
10:46:10.789 1203.22
10:46:12.726 1203.15
10:46:14.684 1203.69
10:46:16.683 1203.88
10:46:18.681 1203.59
10:46:20.590 1203.97
10:46:22.689 1204.04
10:46:24.688 1204.74
10:46:26.685 1204.74
10:46:28.682 1205.23
10:46:30.689 1205.23
10:46:32.690 1205.58
10:46:34.709 1205.39
10:46:36.686 1205.91
10:46:38.696 1206.29
10:46:40.704 1206.35
10:46:42.598 1206.47
10:46:44.688 1206.81
10:46:46.697 1207.02
10:46:48.582 1207.0
10:46:50.692 1206.72
10:46:52.598 1206.58
10:46:54.697 1207.12
10:46:56.674 1207.2
10:46:58.701 1207.03
10:47:00.691 1207.15
10:47:02.686 1207.05
10:47:04.593 1207.06
10:47:06.583 1207.73
10:47:08.674 1207.66
10:47:10.694 1207.66
10:47:12.693 1207.58
10:47:14.678 1207.79
10:47:16.698 1207.69
10:47:18.696 1207.43
10:47:20.593 1207.41
10:47:22.700 1207.46
10:47:24.689 1207.46
10:47:26.689 1207.26
10:47:28.594 1207.1
10:47:30.682 1206.77
10:47:32.588 1206.77
10:47:34.697 1206.69
10:47:36.716 1206.4
10:47:38.715 1206.75
10:47:40.723 1206.67
10:47:42.680 1207.18
10:47:44.678 1206.89
10:47:46.745 1206.72
10:47:48.693 1206.85
10:47:50.689 1206.86
10:47:52.697 1206.82
10:47:54.592 1206.36
10:47:56.598 1206.2
10:47:58.695 1206.75
10:48:00.695 1206.44
10:48:02.703 1206.56
10:48:04.690 1207.0
10:48:06.690 1206.33
10:48:08.688 1205.53
10:48:10.706 1205.47
10:48:12.673 1204.95
10:48:14.693 1204.33
10:48:16.700 1204.1
10:48:18.699 1203.89
10:48:20.695 1204.15
10:48:22.723 1203.9
10:48:24.591 1203.83
10:48:26.712 1203.55
10:48:28.590 1203.73
10:48:30.701 1203.49
10:48:32.690 1203.72
10:48:34.689 1204.18
10:48:36.687 1203.98
10:48:38.693 1204.22
10:48:40.709 1203.83
10:48:42.706 1204.23
10:48:44.591 1203.87
10:48:46.702 1204.32
10:48:48.679 1204.39
10:48:50.687 1204.52
10:48:52.696 1204.03
10:48:54.718 1204.38
10:48:56.694 1204.51
10:48:58.803 1204.67
10:49:00.692 1204.69
10:49:02.613 1204.67
10:49:04.691 1204.74
10:49:06.690 1204.93
10:49:08.676 1204.94
10:49:10.713 1204.94
10:49:12.689 1205.18
10:49:14.685 1205.24
10:49:16.704 1205.01
10:49:18.684 1206.27
10:49:20.682 1206.33
10:49:22.698 1206.42
10:49:24.675 1206.43
10:49:26.683 1206.51
10:49:28.711 1206.71
10:49:30.679 1206.79
10:49:32.689 1206.38
10:49:34.606 1206.53
10:49:36.688 1206.64
10:49:38.689 1206.85
10:49:40.725 1206.6
10:49:42.694 1206.81
10:49:44.692 1206.87
10:49:46.694 1206.87
10:49:48.588 1206.51
10:49:50.697 1206.58
10:49:52.722 1206.04
10:49:54.589 1206.31
10:49:56.588 1206.68
10:49:58.695 1206.79
10:50:00.683 1206.91
10:50:02.693 1206.44
10:50:04.744 1206.51
10:50:06.681 1206.55
10:50:08.689 1207.03
10:50:10.686 1206.88
10:50:12.692 1206.93
10:50:14.699 1207.06
10:50:16.708 1207.25
10:50:18.684 1207.33
10:50:20.591 1207.2
10:50:22.700 1206.97
10:50:24.689 1207.27
10:50:26.697 1206.87
10:50:28.786 1206.63
10:50:30.685 1206.95
10:50:32.600 1206.44
10:50:34.698 1206.39
10:50:36.684 1206.44
10:50:38.694 1206.45
10:50:40.692 1206.63
10:50:42.608 1206.37
10:50:44.688 1206.63
10:50:46.686 1206.39
10:50:48.693 1206.39
10:50:50.689 1206.3
10:50:52.603 1206.06
10:50:54.582 1206.01
10:50:56.680 1206.47
10:50:58.697 1206.18
10:51:00.687 1206.65
10:51:02.694 1206.48
10:51:04.689 1206.11
10:51:06.605 1204.14
10:51:08.601 1203.61
10:51:10.689 1203.44
10:51:12.694 1203.73
10:51:14.692 1203.63
10:51:16.691 1203.42
10:51:18.692 1203.13
10:51:20.678 1203.32
10:51:22.698 1203.2
10:51:24.574 1202.89
10:51:26.683 1202.68
10:51:28.692 1202.62
10:51:30.692 1202.37
10:51:32.678 1202.22
10:51:34.686 1202.21
10:51:36.686 1202.39
10:51:38.581 1202.45
10:51:40.689 1202.73
10:51:42.675 1202.52
10:51:44.684 1202.04
10:51:46.683 1202.17
10:51:48.690 1202.35
10:51:50.595 1202.2
10:51:52.707 1202.52
10:51:54.571 1202.47
10:51:56.691 1202.47
10:51:58.688 1202.47
10:52:00.678 1201.97
10:52:02.675 1202.55
10:52:04.724 1202.26
10:52:06.590 1201.11
10:52:08.605 1201.04
10:52:10.703 1201.46
10:52:12.723 1201.07
10:52:14.691 1200.77
10:52:16.684 1201.12
10:52:18.602 1201.12
10:52:20.670 1201.03
10:52:22.690 1201.17
10:52:24.596 1201.11
10:52:26.683 1200.7
10:52:28.710 1200.63
10:52:30.688 1200.12
10:52:32.586 1200.34
10:52:34.705 1200.43
10:52:36.692 1201.03
10:52:38.678 1201.33
10:52:40.788 1201.3
10:52:42.682 1201.41
10:52:44.690 1201.31
10:52:46.722 1201.35
10:52:48.690 1201.84
10:52:50.696 1201.67
10:52:52.694 1201.44
10:52:54.690 1201.15
10:52:56.688 1201.04
10:52:58.697 1201.07
10:53:00.685 1201.38
10:53:02.692 1200.79
10:53:04.699 1201.15
10:53:06.685 1200.96
10:53:08.591 1201.18
10:53:10.700 1201.43
10:53:12.688 1201.29
10:53:14.687 1201.62
10:53:16.697 1202.02
10:53:18.603 1202.11
10:53:20.684 1202.15
10:53:22.699 1202.23
10:53:24.686 1202.19
10:53:26.685 1202.11
10:53:28.704 1202.09
10:53:30.704 1202.33
10:53:32.692 1202.49
10:53:34.690 1202.03
10:53:36.690 1201.74
10:53:38.686 1201.58
10:53:40.734 1201.34
10:53:42.681 1201.66
10:53:44.586 1202.2
10:53:46.696 1202.09
10:53:48.692 1202.46
10:53:50.691 1202.57
10:53:52.791 1202.62
10:53:54.685 1202.89
10:53:56.703 1202.47
10:53:58.724 1202.62
10:54:00.696 1202.25
10:54:02.707 1202.33
10:54:04.699 1201.5
10:54:06.727 1201.2
10:54:08.685 1201.21
10:54:10.703 1200.98
10:54:12.691 1200.87
10:54:14.700 1200.74
10:54:16.791 1200.09
10:54:18.677 1200.43
10:54:20.703 1200.5
10:54:22.702 1200.63
10:54:24.677 1200.32
10:54:26.695 1200.35
10:54:28.690 1200.19
